<?xml version="1.0" encoding="UTF-8"?>
<!-- Generated by org.testng.reporters.JUnitReportReporter -->
<testsuite hostname="DESKTOP-DOV6KAF" failures="0" tests="1" name="com.simplilearn.demo.facebookLogin" time="38.566" errors="0" timestamp="2022-10-02T19:49:11 IST" skipped="0">
  <testcase classname="com.simplilearn.demo.facebookLogin" name="facebook" time="38.566"/>
  <system-out/>
</testsuite> <!-- com.simplilearn.demo.facebookLogin -->
